===== PDF分析日志 =====
文件: C:\Users\Administrator\Desktop\AWK-OCR\功能医学检测报告模板（2026.4.3）\P01\人体肠道菌群检测原始报告.pdf
时间: 1778054275.2540655

===== PDF页面信息 =====
总页数: 42

===== 第1页 =====
文本长度: 152字符
文本内容:
人 体 肠 道 菌 群 检 测 报 告
人体肠道菌群检测报告
姓 名： 张伟
样本编号： 0103000353736
报告日期： 2026-04-28
技术支持
地址：安徽省合肥市庐阳区临泉路7266号安创大楼 客服支持：400-158-1959
报告编号：20260427004 第1 页/共122 页

===== 第2页 =====
文本长度: 3491字符
文本内容:
人 体 肠 道 菌 群 检 测 报 告
目 录
一、 基本信息.......................................................................................................................................3
二、 检测说明.......................................................................................................................................3
三、 检测结果概览...............................................................................................................................4
四、 肠道菌群健康指数（GMHI）..................................................................................................5
五、 肠型................................................................................................................................................6
六、 菌群多样性...................................................................................................................................7
七、 肠龄................................................................................................................................................8
八、 厚壁菌门/拟杆菌门指数............................................................................................................9
九、 双歧杆菌属/肠杆菌科指数......................................................................................................10
十、 肠道微生物组分分析................................................................................................................11
10.1 肠道菌群门级水平分布.................................................................................................11
10.2 肠道菌群属级水平分布.................................................................................................12
10.3 有益菌检测......................................................................................................................13
10.4 有害菌检测......................................................................................................................15
10.5 中性菌检测......................................................................................................................18
十一、 疾病风险评估........................................................................................................................21
十二、 物质代谢与营养素评估........................................................................................................36
十三、 免疫力的评估........................................................................................................................41
十四、 样本质量质控结果................................................................................................................42
十五、 附录.........................................................................................................................................43
15.1 微生态相关知识..............................................................................................................43
15.2 健康膳食指导..................................................................................................................47
15.3 微生物代谢产物与营养素科普.....................................................................................53
15.4 疾病科普..........................................................................................................................62
15.5 肠道微生物科普..............................................................................................................75
十六、 参考文献..............................................................................................................................120
地址：安徽省合肥市庐阳区临泉路7266号安创大楼 客服支持：400-158-1959
报告编号：20260427004 第2 页/共122 页

*** 发现菌属相关内容 ***
  菌属行: 九、 双歧杆菌属/肠杆菌科指数......................................................................................................10
===== 第3页 =====
文本长度: 704字符
文本内容:
人 体 肠 道 菌 群 检 测 报 告
一、基本信息
姓名 张伟 送检单位 皖北煤电集团总医院
性别 男 样本编号 0103000353736
年龄 45 岁 联系电话 13855702991
主要不适或疾病 鼻塞，咳痰，饮酒等
采样日期 - 收样日期 2026-04-21 报告日期 2026-04-28
检测项目 肠道菌群检测 样本类型 粪便 检测方法 高通量测序检测
二、检测说明
1. 人体肠道微生态中的微生物代谢活跃，被认为是人体后天获得的"第二基因组"。这些微生
物在肠道中保持着一种动态的平衡，能够合成维生素、帮助人体从食物中吸收营养、维持肠
道免疫系统功能、抵挡有害微生物的侵害。而当肠道微生态发生紊乱时，可能会导致某种疾
病或不良健康状况。
2. 本检测采用高通量基因测序，通过从粪便样本中提取细菌总DNA，进行靶向扩增，基于
Salus等高通量测序平台进行DNA测序，根据Silva138（涵盖物种序列信息>70000个
种，>8000个属）等数据库，进行生物信息分析，分析人体肠道微生态结构及多样性，了
解肠道微生态总体失衡状况，监测及评估患者肠道健康状况，为下一步诊疗提供依据。同时
可用于微生态治疗后的随访检测。微生物宏基因组检测可检测样本中更多微生物的DNA，
包括细菌、真菌、寄生虫、病毒等，物种鉴定更精准。如需更详细的微生态状况，可进行微
生物宏基因组检测。
3. 本报告仅针对本次送检标本，仅供临床参考，如有问题请与我实验室联系。
地址：安徽省合肥市庐阳区临泉路7266号安创大楼 客服支持：400-158-1959
报告编号：20260427004 第3 页/共122 页

===== 第4页 =====
文本长度: 470字符
文本内容:
人 体 肠 道 菌 群 检 测 报 告
三、检测结果概览
40 ≤ GMHI<60分，属于健康风险预警水平，
提示您的肠道菌群Ⅰ度结构紊乱，菌群比例轻
58.5
微失调，建议进行针对性检查，并启动菌群调
节。
菌群多样性 偏低 1. 菌群种类减少，生态脆弱
2. 肠道年龄较时序年龄重度偏高，提示您的肠道抗
肠道年龄
52
衰老能力差
3. 菌群定植抗力很弱，生物屏障功能弱，感染风险
肠道定植抗力指数 重度受损
偏高
4. 饮食习惯倾向于高膳食纤维、植物性碳水化合
肠型 普雷沃菌属
物，擅长分解纤维素和抗性淀粉
有益菌丰度 偏低 5. 核心有益菌不足，有一定的健康风险
有害菌丰度 正常 6. 致病菌/条件致病菌正常，对肠道干扰小
7. 短链脂肪酸合成充足，肠道免疫屏障和能量供应
SCFA合成能力 正常
稳定
8.未检出显著风险标志物。注意：结果非确诊，需
高风险疾病
未检出
结合临床评估
地址：安徽省合肥市庐阳区临泉路7266号安创大楼 客服支持：400-158-1959
报告编号：20260427004 第4 页/共122 页

*** 发现菌属相关内容 ***
  菌属行: 肠型 普雷沃菌属
===== 第5页 =====
文本长度: 108字符
文本内容:
人 体 肠 道 菌 群 检 测 报 告
四、肠道菌群健康指数（GMHI）
地址：安徽省合肥市庐阳区临泉路7266号安创大楼 客服支持：400-158-1959
报告编号：20260427004 第5 页/共122 页

===== 第6页 =====
文本长度: 96字符
文本内容:
人 体 肠 道 菌 群 检 测 报 告
五、肠型
地址：安徽省合肥市庐阳区临泉路7266号安创大楼 客服支持：400-158-1959
报告编号：20260427004 第6 页/共122 页

===== 第7页 =====
文本长度: 99字符
文本内容:
人 体 肠 道 菌 群 检 测 报 告
六、菌群多样性
地址：安徽省合肥市庐阳区临泉路7266号安创大楼 客服支持：400-158-1959
报告编号：20260427004 第7 页/共122 页

===== 第8页 =====
文本长度: 739字符
文本内容:
人 体 肠 道 菌 群 检 测 报 告
七、肠龄
时序年龄：按照出生日期计算的年龄。
肠道年龄：根据肠道微生态状况评估的年龄，并以此来预测肠道的老化状态。生物学和医学专家
认为，肠道的年龄与人体的健康状态密切相关，拥有相对年轻的肠道可有助于延缓衰老。“肠龄”的
意义在于揭示您的肠道菌群状态是“超前”还是“滞后”于您的实际年龄，从而为您的健康管理提供
重要线索。
重要提示：为准确判断肠道年龄是否处于健康合理区间，根据大量人群数据研究，不同年龄段设
定了对应的肠道年龄正常偏差范围，具体标准如下：​
0~2 岁儿童：肠道年龄正常偏差通常小于 3 个月；​
3~5 岁儿童：肠道年龄正常偏差需控制在 6 个月以内；​
6~15 岁青少年：肠道年龄正常偏差一般在 1 岁左右；​
16~50 岁成年人：肠道年龄正常偏差应在 3 岁以内；​
50 岁以上人群：肠道年龄正常偏差可放宽至 5 岁以内。
如果您的肠龄显著超出上述正常偏差范围（无论是偏大还是偏小），都可能表明您的肠道菌群处
于异常状态，提示存在健康风险或发育滞后问题。
肠龄 > 真实年龄：通常意味着肠道菌群多样性下降、有益菌减少、潜在有害菌增多，或存在
炎症等问题。
肠龄 < 真实年龄：可能表示肠道菌群发育不成熟或结构滞后，未能随您的生理年龄同步进化。
以下情况是导致肠龄显著偏离的常见原因：
肠道菌群紊乱（生态失衡）
菌群结构过于单一，多样性低
近期服用药物，如抗生素、泻药等
正处于疾病状态或病原菌感染期
长期、单一地补充特定益生菌（可能暂时改变菌群结构）
地址：安徽省合肥市庐阳区临泉路7266号安创大楼 客服支持：400-158-1959
报告编号：20260427004 第8 页/共122 页

===== 第9页 =====
文本长度: 105字符
文本内容:
人 体 肠 道 菌 群 检 测 报 告
八、厚壁菌门/拟杆菌门指数
地址：安徽省合肥市庐阳区临泉路7266号安创大楼 客服支持：400-158-1959
报告编号：20260427004 第9 页/共122 页

===== 第10页 =====
文本长度: 107字符
文本内容:
人 体 肠 道 菌 群 检 测 报 告
九、双歧杆菌属/肠杆菌科指数
地址：安徽省合肥市庐阳区临泉路7266号安创大楼 客服支持：400-158-1959
报告编号：20260427004 第10 页/共122 页

*** 发现菌属相关内容 ***
  菌属行: 九、双歧杆菌属/肠杆菌科指数
===== 第11页 =====
文本长度: 278字符
文本内容:
人 体 肠 道 菌 群 检 测 报 告
十、肠道微生物组分分析
10.1 肠道菌群门级水平分布
您其中占比最高的五种菌门依次为：拟杆菌门（Bacteroidota, 39.11%），厚壁菌门（Firmicutes,
33.30%），梭杆菌门（Fusobacteriota, 13.32%），变形菌门（Proteobacteria, 11.31%），放线
菌门（Actinobacteriota, 0.26%）。
地址：安徽省合肥市庐阳区临泉路7266号安创大楼 客服支持：400-158-1959
报告编号：20260427004 第11 页/共122 页

===== 第12页 =====
文本长度: 578字符
文本内容:
人 体 肠 道 菌 群 检 测 报 告
10.2 肠道菌群属级水平分布
您其中占比最高的十五种菌属依次为：普雷沃菌属 9 型（Prevotella_9, 26.90%），梭杆菌属
（Fusobacterium,13.32%），毛梭菌属（Lachnoclostridium,10.19%），拟杆菌属（Bacteroides,9.16%），
埃希氏菌-志贺氏菌（Escherichia-Shigella, 5.55%），巨单胞菌属（Megamonas, 4.02%），萨特菌属
（Sutterella,3.30%），粪杆菌属（Faecalibacterium,2.36%），普雷沃菌属（Prevotella,2.24%），严
格梭菌1型（Clostridiumsensustricto1, 2.06%），丁酸球菌属（Butyricicoccus, 1.42%），瘤胃球菌
扭链群（[Ruminococcus] torques group, 1.10%），布劳特氏菌属（Blautia, 0.95%），副拟杆菌属
（Parabacteroides, 0.81%），毛螺旋菌属（Lachnospira, 0.48%）。
地址：安徽省合肥市庐阳区临泉路7266号安创大楼 客服支持：400-158-1959
报告编号：20260427004 第12 页/共122 页

*** 发现菌属相关内容 ***
  菌属行: 您其中占比最高的十五种菌属依次为：普雷沃菌属 9 型（Prevotella_9, 26.90%），梭杆菌属
  菌属行: （Fusobacterium,13.32%），毛梭菌属（Lachnoclostridium,10.19%），拟杆菌属（Bacteroides,9.16%），
  菌属行: 埃希氏菌-志贺氏菌（Escherichia-Shigella, 5.55%），巨单胞菌属（Megamonas, 4.02%），萨特菌属
  菌属行: （Sutterella,3.30%），粪杆菌属（Faecalibacterium,2.36%），普雷沃菌属（Prevotella,2.24%），严
  菌属行: 格梭菌1型（Clostridiumsensustricto1, 2.06%），丁酸球菌属（Butyricicoccus, 1.42%），瘤胃球菌
  菌属行: 扭链群（[Ruminococcus] torques group, 1.10%），布劳特氏菌属（Blautia, 0.95%），副拟杆菌属
  菌属行: （Parabacteroides, 0.81%），毛螺旋菌属（Lachnospira, 0.48%）。
===== 第13页 =====
文本长度: 841字符
文本内容:
人 体 肠 道 菌 群 检 测 报 告
10.3 有益菌检测
微生物名 拉丁名 检测结果（%） 参考范围(%) 结果评价
双歧杆菌属 Bifidobacterium 0.0006 0.0282-15.4602
Bifidobacterium
长双歧杆菌 ND 0.0013-11.7723
longum
Bifidobacterium
角双歧杆菌 ND 0.0010-0.0500
angulatum
Bifidobacterium
动物双歧杆菌 ND 0-0.0414
animalis
Bifidobacterium
两歧双歧杆菌 ND 0.0050-1.0000
bifidum
短双歧杆菌 Bifidobacteriumbreve ND 0.0010-3.0000
Bifidobacterium
链状双歧杆菌 ND 0.0050-1.0000
catenulatum
Bifidobacterium
假长双歧杆菌 ND 0.0010-0.0050
pseudolongum
Bifidobacterium
粪双歧杆菌 ND 0.0010-2.0000
stercoris
广布乳杆菌属 Latilactobacillus ND 0-0.0006
促生乳杆菌属 Levilactobacillus ND 0-0.0005
联合乳杆菌属 Ligilactobacillus 0.1687 0-0.4694
粘液乳杆菌属 Limosilactobacillus ND 0-0.0862
乳杆菌属 Lactobacillus ND 0.0010-2.0365
Lactobacillus
嗜酸乳杆菌 ND 0-0.0030
acidophilus
Lactobacillus
德氏乳杆菌 ND 0-0.0049
delbrueckii
地址：安徽省合肥市庐阳区临泉路7266号安创大楼 客服支持：400-158-1959
报告编号：20260427004 第13 页/共122 页

*** 发现菌属相关内容 ***
  菌属行: 双歧杆菌属 Bifidobacterium 0.0006 0.0282-15.4602
  菌属行: 广布乳杆菌属 Latilactobacillus ND 0-0.0006
  菌属行: 促生乳杆菌属 Levilactobacillus ND 0-0.0005
  菌属行: 联合乳杆菌属 Ligilactobacillus 0.1687 0-0.4694
  菌属行: 粘液乳杆菌属 Limosilactobacillus ND 0-0.0862
  菌属行: 乳杆菌属 Lactobacillus ND 0.0010-2.0365
===== 第14页 =====
文本长度: 986字符
文本内容:
人 体 肠 道 菌 群 检 测 报 告
微生物名 拉丁名 检测结果（%） 参考范围(%) 结果评价
格氏乳杆菌 Lactobacillusgasseri ND 0-0.1158
Lactobacillus
瑞士乳杆菌 ND 0-0.0001
helveticus
约氏乳杆菌 Lactobacillusjohnsonii ND 0-0.0217
Lactobacillus
马乳酒样乳杆菌 ND 0-0.0005
kefiranofaciens
乳酪杆菌属 Lacticaseibacillus ND 0-0.2694
乳植杆菌属 Lactiplantibacillus ND 0-0.0002
粪杆菌属 Faecalibacterium 2.3593 5.0000-15.0000
Oxalobacter
产甲酸草酸杆菌 ND 0-0.0584
formigenes
Phascolarctobacterium
琥珀酸考拉杆菌 ND 0-0.0244
succinatutens
乳球菌属 Lactococcus 0.0022 0-0.0926
乳酸乳球菌 Lactococcuslactis 0.0014 0-0.0682
Lactococcus
棉子糖乳球菌 0.0008 0-0.0004
raffinolactis
Lactococcus
台湾乳球菌 ND 0-0.0002
taiwanensis
Streptococcus
嗜热链球菌 ND 0-1.2649
thermophilus
Pediococcus
乳酸片球菌 ND 0-0.0009
acidilactici
Pediococcus
戊糖片球菌 ND 0-0.0007
pentosaceus
木糖葡萄球菌 Staphylococcusxylosus ND 0-0.0006
丁酸梭菌 Clostridiumbutyricum ND 0.0010-3.0000
Faecalibacterium
普拉梭菌 ND 2.0000-15.0000
prausnitzii
肠道罗斯拜瑞氏菌 Roseburiaintestinalis ND 0-1.9037
地址：安徽省合肥市庐阳区临泉路7266号安创大楼 客服支持：400-158-1959
报告编号：20260427004 第14 页/共122 页

*** 发现菌属相关内容 ***
  菌属行: 乳酪杆菌属 Lacticaseibacillus ND 0-0.2694
  菌属行: 乳植杆菌属 Lactiplantibacillus ND 0-0.0002
  菌属行: 粪杆菌属 Faecalibacterium 2.3593 5.0000-15.0000
  菌属行: 乳球菌属 Lactococcus 0.0022 0-0.0926
===== 第15页 =====
文本长度: 714字符
文本内容:
人 体 肠 道 菌 群 检 测 报 告
微生物名 拉丁名 检测结果（%） 参考范围(%) 结果评价
Roseburia
嗜菊粉罗斯氏菌 ND 0-2.2280
inulinivorans
乳酸明串珠菌 Leuconostoclactis ND 0-0.0021
Leuconostoc
肠膜明串珠菌 ND 0-0.0011
mesenteroides
Akkermansia
嗜粘蛋白艾克曼菌 ND 0.0050-6.2738
muciniphila
Blautia
氢营养布劳特氏菌 ND 0.0010-5.0000
hydrogenotrophica
穗状丁酸弧菌 Butyrivibriocrossotus ND 0.0010-2.0000
克里斯滕森菌属 Christensenella ND 0-5.0000
小克里斯滕森菌 Christensenellaminuta ND 0-5.0000
注：ND是“NotDetected”的缩写，代表未检出。
10.4 有害菌检测
微生物名 拉丁名 检测结果（%） 参考范围(%) 结果评价
分枝杆菌属 Mycobacterium ND 0
偶发分枝杆菌 Mycobacteriumfortuitum ND 0
Mycobacterium
结核分枝杆菌 ND 0
tuberculosis
肠杆菌属 Enterobacter 0.0812 0.0010-2.0000
不动杆菌属 Acinetobacter ND 0-1.1018
地址：安徽省合肥市庐阳区临泉路7266号安创大楼 客服支持：400-158-1959
报告编号：20260427004 第15 页/共122 页

*** 发现菌属相关内容 ***
  菌属行: 克里斯滕森菌属 Christensenella ND 0-5.0000
  菌属行: 分枝杆菌属 Mycobacterium ND 0
  菌属行: 肠杆菌属 Enterobacter 0.0812 0.0010-2.0000
  菌属行: 不动杆菌属 Acinetobacter ND 0-1.1018
===== 第16页 =====
文本长度: 824字符
文本内容:
人 体 肠 道 菌 群 检 测 报 告
微生物名 拉丁名 检测结果（%） 参考范围(%) 结果评价
鲍曼不动杆菌 Acinetobacterbaumannii ND 0
约氏不动杆菌 Acinetobacterjohnsonii ND 0-0.0443
琼氏不动杆菌 Acinetobacterjunii ND 0
鲁氏不动杆菌 Acinetobacterlwoffii ND 0
布鲁杆菌属 Brucella ND 0
羊布鲁杆菌 Brucellamelitensis ND 0
具核梭杆菌 Fusobacteriumnucleatum ND 0.0010-1.0000
幽门螺杆菌 Helicobacterpylori ND 0-0.0020
嗜血杆菌属 Haemophilus 0.0092 0-0.8110
流感嗜血杆菌 Haemophilusinfluenzae 0.0015 0-0.8110
Haemophilus
副流感嗜血杆菌 ND 0-0.0420
parainfluenzae
弯曲菌属 Campylobacter 0.0011 0-0.0467
空肠弯曲菌 Campylobacterjejuni ND 0-0.0017
气单胞菌属 Aeromonas ND 0
假单胞菌属 Pseudomonas ND 0-1.7238
铜绿假单胞菌 Pseudomonasaeruginosa ND 0-0.0162
门多萨假单胞菌 Pseudomonasmendocina ND 0
斯氏假单胞菌 Pseudomonasstutzeri ND 0
鲍氏志贺氏菌 Shigellaboydii ND 0-0.0500
痢疾志贺菌 Shigelladysenteriae ND 0-0.006
地址：安徽省合肥市庐阳区临泉路7266号安创大楼 客服支持：400-158-1959
报告编号：20260427004 第16 页/共122 页

*** 发现菌属相关内容 ***
  菌属行: 布鲁杆菌属 Brucella ND 0
  菌属行: 嗜血杆菌属 Haemophilus 0.0092 0-0.8110
  菌属行: 弯曲菌属 Campylobacter 0.0011 0-0.0467
  菌属行: 气单胞菌属 Aeromonas ND 0
  菌属行: 假单胞菌属 Pseudomonas ND 0-1.7238
===== 第17页 =====
文本长度: 844字符
文本内容:
人 体 肠 道 菌 群 检 测 报 告
微生物名 拉丁名 检测结果（%） 参考范围(%) 结果评价
福氏志贺菌 Shigellaflexneri ND 0-0.0500
宋内志贺菌 Shigellasonnei ND 0-1.0324
链球菌属 Streptococcus 0.0190 0.0010-2.0000
咽峡链球菌 Streptococcusanginosus ND 0-0.0085
Streptococcus
肺炎链球菌 ND 0-1.5374
pneumoniae
金黄色葡萄球菌 Staphylococcusaureus ND 0-0.8832
密螺旋体属 Treponema ND 0
齿垢密螺旋体 Treponemadenticola ND 0
文氏密螺旋体 Treponemavincentii ND 0
耶尔森菌属 Yersinia ND 0-0.0020
鼠疫耶尔森菌 Yersiniapestis ND 0-0.0020
艰难梭菌 Clostridioidesdifficile ND 0-0.2907
产气荚膜梭菌 Clostridiumperfringens ND 0-5.1427
肉毒梭菌 Clostridiumbotulinum ND 0-0.0021
沙门菌属 Salmonella ND 0-0.0906
大肠埃希菌 Escherichiacoli 0.0314 0.0010-1.0000
Erysipelothrix
猪红斑丹毒丝菌 ND 0
rhusiopathiae
肺炎克雷伯菌 Klebsiellapneumoniae 0.0492 0.0010-3.0000
单核细胞增生李斯特菌 Listeriamonocytogenes ND 0
克罗诺杆菌属 Cronobacter ND 0
地址：安徽省合肥市庐阳区临泉路7266号安创大楼 客服支持：400-158-1959
报告编号：20260427004 第17 页/共122 页

*** 发现菌属相关内容 ***
  菌属行: 链球菌属 Streptococcus 0.0190 0.0010-2.0000
  菌属行: 耶尔森菌属 Yersinia ND 0-0.0020
  菌属行: 沙门菌属 Salmonella ND 0-0.0906
  菌属行: 克罗诺杆菌属 Cronobacter ND 0
===== 第18页 =====
文本长度: 688字符
文本内容:
人 体 肠 道 菌 群 检 测 报 告
微生物名 拉丁名 检测结果（%） 参考范围(%) 结果评价
军团菌属 Legionella ND 0
弧菌属 Vibrio ND 0
克雷伯氏菌属 Klebsiella 0.0806 0.0010-15.0087
注：ND是“NotDetected”的缩写，代表未检出。
10.5 中性菌检测
微生物名 拉丁名 检测结果（%） 参考范围(%) 结果评价
粪便拟杆菌 Bacteroidesstercoris ND 0-9.1515
单形拟杆菌 Bacteroidesuniformis ND 0-11.0351
狄氏副拟杆菌 Parabacteroidesdistasonis ND 0-4.3346
Bacteroides
多形拟杆菌 ND 0-4.3295
thetaiotaomicron
产酸拟杆菌 Bacteroidesacidifaciens ND 0-0.1205
卵形拟杆菌 Bacteroidesovatus 0.0743 0-9.2406
副拟杆菌属 Parabacteroides 0.8118 0.0050-7.2812
考拉杆菌属 Phascolarctobacterium 0.2430 0.0050-5.0000
真杆菌属 Eubacterium ND 3.0000-15.0000
粪拟杆菌 Bacteroidescaccae 0.0051 0-4.3430
地址：安徽省合肥市庐阳区临泉路7266号安创大楼 客服支持：400-158-1959
报告编号：20260427004 第18 页/共122 页

*** 发现菌属相关内容 ***
  菌属行: 军团菌属 Legionella ND 0
  菌属行: 弧菌属 Vibrio ND 0
  菌属行: 克雷伯氏菌属 Klebsiella 0.0806 0.0010-15.0087
  菌属行: 副拟杆菌属 Parabacteroides 0.8118 0.0050-7.2812
  菌属行: 考拉杆菌属 Phascolarctobacterium 0.2430 0.0050-5.0000
  菌属行: 真杆菌属 Eubacterium ND 3.0000-15.0000
===== 第19页 =====
文本长度: 885字符
文本内容:
人 体 肠 道 菌 群 检 测 报 告
微生物名 拉丁名 检测结果（%） 参考范围(%) 结果评价
脆弱拟杆菌 Bacteroidesfragilis ND 0-7.0369
粪球菌属 Coprococcus 0.0512 0.0050-5.0000
殊异韦荣球菌 Veillonelladispar ND 0-1.7051
埃氏巨型球菌 Megasphaeraelsdenii ND 0-0.1414
马赛巨型球菌 Megasphaeramassiliensis ND 0-0.3368
活泼瘤胃球菌 Ruminococcusgnavus ND 0-0.0589
扭链瘤胃球菌 Ruminococcustorques ND 0-1.2064
灵巧粪球菌 Coprococcuscatus ND 0.0050-3.0000
粪肠球菌 Enterococcusfaecalis ND 0-1.2451
屎肠球菌 Enterococcusfaecium ND 0-0.5653
喜琥珀酸戴阿李斯特菌 Dialistersuccinatiphilus ND 0-0.1319
沙阿另枝菌 Alistipesshahii ND 0-1.0559
普通海豹杆菌 Phocaeicolavulgatus 1.4057 0-21.0494
迟缓埃格特菌 Eggerthellalenta 0.0046 0-0.1937
颤杆菌属 Oscillibacter 0.0194 0-5.0000
芽孢杆菌属 Bacillus ND 0-0.4888
戴阿李斯特菌属 Dialister ND 0.0010-7.4543
布劳特氏菌属 Blautia 0.9497 1.0000-15.0000
韦克斯勒布劳特氏菌 Blautiawexlerae ND 0-2.9036
卵形布劳特氏菌 Blautiaobeum ND 0.0050-5.0000
地址：安徽省合肥市庐阳区临泉路7266号安创大楼 客服支持：400-158-1959
报告编号：20260427004 第19 页/共122 页

*** 发现菌属相关内容 ***
  菌属行: 粪球菌属 Coprococcus 0.0512 0.0050-5.0000
  菌属行: 颤杆菌属 Oscillibacter 0.0194 0-5.0000
  菌属行: 芽孢杆菌属 Bacillus ND 0-0.4888
  菌属行: 戴阿李斯特菌属 Dialister ND 0.0010-7.4543
  菌属行: 布劳特氏菌属 Blautia 0.9497 1.0000-15.0000
===== 第20页 =====
文本长度: 409字符
文本内容:
人 体 肠 道 菌 群 检 测 报 告
微生物名 拉丁名 检测结果（%） 参考范围(%) 结果评价
生产布劳特氏菌 Blautiaproducta ND 0-1.2418
副普雷沃菌属 Paraprevotella ND 0.0010-2.0000
普雷沃菌属 Prevotella 2.2442 1.0000-30.0000
粪便塞加特菌 Segatellacopri ND 0-14.3976
梭菌属 Clostridium 2.0628 1.0000-20.0000
脱硫弧菌属 Desulfovibrio 0.0583 0.0001-0.9287
颤螺菌属 Oscillospira ND 0-5.0000
注：ND是“NotDetected”的缩写，代表未检出。
地址：安徽省合肥市庐阳区临泉路7266号安创大楼 客服支持：400-158-1959
报告编号：20260427004 第20 页/共122 页

*** 发现菌属相关内容 ***
  菌属行: 副普雷沃菌属 Paraprevotella ND 0.0010-2.0000
  菌属行: 普雷沃菌属 Prevotella 2.2442 1.0000-30.0000
  菌属行: 梭菌属 Clostridium 2.0628 1.0000-20.0000
  菌属行: 脱硫弧菌属 Desulfovibrio 0.0583 0.0001-0.9287
  菌属行: 颤螺菌属 Oscillospira ND 0-5.0000
===== 第21页 =====
文本长度: 102字符
文本内容:
人 体 肠 道 菌 群 检 测 报 告
十一、疾病风险评估
地址：安徽省合肥市庐阳区临泉路7266号安创大楼 客服支持：400-158-1959
报告编号：20260427004 第21 页/共122 页

===== 第22页 =====
文本长度: 370字符
文本内容:
人 体 肠 道 菌 群 检 测 报 告
编号 疾病类型 疾病名 风险评估值 结果评价
1 消化系统 溃疡性结肠炎
2 消化系统 腹泻
3 消化系统 便秘
4 消化系统 肠易激综合征
5 消化系统 克罗恩病
6 心血管疾病 心血管病
7 心血管疾病 高血压
8 心血管疾病 冠心病
9 代谢性疾病 非酒精性脂肪性肝病
10 代谢性疾病 代谢综合征
11 代谢性疾病 2型糖尿病
12 代谢性疾病 高脂血症
13 神经精神疾病 快速眼动睡眠行为障碍
14 神经精神疾病 失眠
15 神经精神疾病 抑郁症
16 免疫相关疾病 类风湿关节炎
17 免疫相关疾病 食物过敏
18 免疫相关疾病 IgA肾病
地址：安徽省合肥市庐阳区临泉路7266号安创大楼 客服支持：400-158-1959
报告编号：20260427004 第22 页/共122 页

===== 第23页 =====
文本长度: 170字符
文本内容:
人 体 肠 道 菌 群 检 测 报 告
编号 疾病类型 疾病名 风险评估值 结果评价
19 免疫相关疾病 过敏性鼻炎
20 免疫相关疾病 自身免疫性肝炎
21 肿瘤 结直肠肿瘤
22 肿瘤 胃癌
地址：安徽省合肥市庐阳区临泉路7266号安创大楼 客服支持：400-158-1959
报告编号：20260427004 第23 页/共122 页

===== 第24页 =====
文本长度: 308字符
文本内容:
人 体 肠 道 菌 群 检 测 报 告
微生物名 拉丁名 疾病相关性 检测结果（%） 参考范围（%）
卵形拟杆菌 Bacteroidesovatus 0.0743 0-9.2406
Escherichia-Shigella
大肠埃希菌 0.0314 0.0010-1.0000
coli
弗氏柠檬酸杆菌 Citrobacterfreundii ND 0-0.5042
Faecalibacterium
普拉梭菌 ND 2.0000-15.0000
prausnitzii
地址：安徽省合肥市庐阳区临泉路7266号安创大楼 客服支持：400-158-1959
报告编号：20260427004 第24 页/共122 页

===== 第25页 =====
文本长度: 92字符
文本内容:
人 体 肠 道 菌 群 检 测 报 告
地址：安徽省合肥市庐阳区临泉路7266号安创大楼 客服支持：400-158-1959
报告编号：20260427004 第25 页/共122 页

===== 第26页 =====
文本长度: 92字符
文本内容:
人 体 肠 道 菌 群 检 测 报 告
地址：安徽省合肥市庐阳区临泉路7266号安创大楼 客服支持：400-158-1959
报告编号：20260427004 第26 页/共122 页

===== 第27页 =====
文本长度: 92字符
文本内容:
人 体 肠 道 菌 群 检 测 报 告
地址：安徽省合肥市庐阳区临泉路7266号安创大楼 客服支持：400-158-1959
报告编号：20260427004 第27 页/共122 页

===== 第28页 =====
文本长度: 92字符
文本内容:
人 体 肠 道 菌 群 检 测 报 告
地址：安徽省合肥市庐阳区临泉路7266号安创大楼 客服支持：400-158-1959
报告编号：20260427004 第28 页/共122 页

===== 第29页 =====
文本长度: 92字符
文本内容:
人 体 肠 道 菌 群 检 测 报 告
地址：安徽省合肥市庐阳区临泉路7266号安创大楼 客服支持：400-158-1959
报告编号：20260427004 第29 页/共122 页

===== 第30页 =====
文本长度: 92字符
文本内容:
人 体 肠 道 菌 群 检 测 报 告
地址：安徽省合肥市庐阳区临泉路7266号安创大楼 客服支持：400-158-1959
报告编号：20260427004 第30 页/共122 页

===== 第31页 =====
文本长度: 92字符
文本内容:
人 体 肠 道 菌 群 检 测 报 告
地址：安徽省合肥市庐阳区临泉路7266号安创大楼 客服支持：400-158-1959
报告编号：20260427004 第31 页/共122 页

===== 第32页 =====
文本长度: 92字符
文本内容:
人 体 肠 道 菌 群 检 测 报 告
地址：安徽省合肥市庐阳区临泉路7266号安创大楼 客服支持：400-158-1959
报告编号：20260427004 第32 页/共122 页

===== 第33页 =====
文本长度: 92字符
文本内容:
人 体 肠 道 菌 群 检 测 报 告
地址：安徽省合肥市庐阳区临泉路7266号安创大楼 客服支持：400-158-1959
报告编号：20260427004 第33 页/共122 页

===== 第34页 =====
文本长度: 92字符
文本内容:
人 体 肠 道 菌 群 检 测 报 告
地址：安徽省合肥市庐阳区临泉路7266号安创大楼 客服支持：400-158-1959
报告编号：20260427004 第34 页/共122 页

===== 第35页 =====
文本长度: 92字符
文本内容:
人 体 肠 道 菌 群 检 测 报 告
地址：安徽省合肥市庐阳区临泉路7266号安创大楼 客服支持：400-158-1959
报告编号：20260427004 第35 页/共122 页

===== 第36页 =====
文本长度: 106字符
文本内容:
人 体 肠 道 菌 群 检 测 报 告
十二、物质代谢与营养素评估
地址：安徽省合肥市庐阳区临泉路7266号安创大楼 客服支持：400-158-1959
报告编号：20260427004 第36 页/共122 页

===== 第37页 =====
文本长度: 92字符
文本内容:
人 体 肠 道 菌 群 检 测 报 告
地址：安徽省合肥市庐阳区临泉路7266号安创大楼 客服支持：400-158-1959
报告编号：20260427004 第37 页/共122 页

===== 第38页 =====
文本长度: 92字符
文本内容:
人 体 肠 道 菌 群 检 测 报 告
地址：安徽省合肥市庐阳区临泉路7266号安创大楼 客服支持：400-158-1959
报告编号：20260427004 第38 页/共122 页

===== 第39页 =====
文本长度: 92字符
文本内容:
人 体 肠 道 菌 群 检 测 报 告
地址：安徽省合肥市庐阳区临泉路7266号安创大楼 客服支持：400-158-1959
报告编号：20260427004 第39 页/共122 页

===== 第40页 =====
文本长度: 92字符
文本内容:
人 体 肠 道 菌 群 检 测 报 告
地址：安徽省合肥市庐阳区临泉路7266号安创大楼 客服支持：400-158-1959
报告编号：20260427004 第40 页/共122 页

===== 第41页 =====
文本长度: 102字符
文本内容:
人 体 肠 道 菌 群 检 测 报 告
十三、免疫力的评估
地址：安徽省合肥市庐阳区临泉路7266号安创大楼 客服支持：400-158-1959
报告编号：20260427004 第41 页/共122 页

===== 第42页 =====
文本长度: 280字符
文本内容:
人 体 肠 道 菌 群 检 测 报 告
十四、样本质量质控结果
内容 测序序列数 Q30 GC
样本数据 1,599,970 96.34% 51.73%
质控标准 ≥500,000 ≥90% 40%-60%
质控结果 合格 合格 合格
注：Q30，表示碱基错误识别的概率为0.1%，即正确率为99.9%，Q30比例指正确率超过
99.9%的碱基占比。
检测者：刘兵 审核者：王怀新 报告日期： 2026-04-28
地址：安徽省合肥市庐阳区临泉路7266号安创大楼 客服支持：400-158-1959
报告编号：20260427004 第42 页/共122 页


===== 完整报告解析 =====

===== 属级水平分布解析结果 =====
识别到 41 种菌属

1. 名称: 页 人 体 肠 道 菌 群 检 测 报 告 九、双歧杆菌属
   排名: 1
   比例: 7266%
   类别: 中性菌
   --- 
2. 名称: 肠道菌群属级水平分布 您其中占比最高的十五种菌属依次为：普雷沃菌属
   排名: 2
   比例: 9%
   类别: 中性菌
   --- 
3. 名称: 型（Prevotella_9, 26.90%），梭杆菌属
   排名: 3
   比例: 9%
   类别: 中性菌
   --- 
4. 名称: 衰老能力差 3. 菌群定植抗力很弱，生物屏障功能弱，感染风险 肠道定植抗力指数 重度受损 偏高 4. 饮食习惯倾向于高膳食纤维、植物性碳水化合 肠型 普雷沃菌属
   排名: 4
   比例: 3.%
   类别: 中性菌
   --- 
5. 名称: 真杆菌属
   排名: 5
   比例: 3.0000%
   类别: 中性菌
   --- 
6. 名称: 粪杆菌属
   排名: 6
   比例: 2.3593%
   类别: 中性菌
   --- 
7. 名称: 普雷沃菌属
   排名: 7
   比例: 2.2442%
   类别: 中性菌
   --- 
8. 名称: 梭菌属
   排名: 8
   比例: 2.0628%
   类别: 中性菌
   --- 
9. 名称: 布劳特氏菌属
   排名: 9
   比例: 0.9497%
   类别: 中性菌
   --- 
10. 名称: 副拟杆菌属
   排名: 10
   比例: 0.8118%
   类别: 中性菌
   --- 
11. 名称: 考拉杆菌属
   排名: 11
   比例: 0.2430%
   类别: 中性菌
   --- 
12. 名称: 联合乳杆菌属
   排名: 12
   比例: 0.1687%
   类别: 中性菌
   --- 
13. 名称: 克雷伯氏菌属
   排名: 13
   比例: 0.0806%
   类别: 中性菌
   --- 
14. 名称: 脱硫弧菌属
   排名: 14
   比例: 0.0583%
   类别: 中性菌
   --- 
15. 名称: 粪球菌属
   排名: 15
   比例: 0.0512%
   类别: 中性菌
   --- 
16. 名称: 颤杆菌属
   排名: 16
   比例: 0.0194%
   类别: 中性菌
   --- 
17. 名称: 链球菌属
   排名: 17
   比例: 0.0190%
   类别: 中性菌
   --- 
18. 名称: 嗜血杆菌属
   排名: 18
   比例: 0.0092%
   类别: 中性菌
   --- 
19. 名称: 流感嗜血杆菌 Haemophilusinfluenzae 0.0015 0-0.8110 Haemophilus 副流感嗜血杆菌 ND 0-0.0420 parainfluenzae 弯曲菌属
   排名: 19
   比例: 0.0015%
   类别: 中性菌
   --- 
20. 名称: 乳杆菌属
   排名: 20
   比例: 0.0010%
   类别: 中性菌
   --- 
21. 名称: 戴阿李斯特菌属
   排名: 21
   比例: 0.0010%
   类别: 中性菌
   --- 
22. 名称: 副普雷沃菌属
   排名: 22
   比例: 0.0010%
   类别: 中性菌
   --- 
23. 名称: 有益菌检测 微生物名 拉丁名 检测结果（%） 参考范围(%) 结果评价 双歧杆菌属
   排名: 23
   比例: 0.0006%
   类别: 中性菌
   --- 
24. 名称: 促生乳杆菌属
   排名: 24
   比例: 0%
   类别: 中性菌
   --- 
25. 名称: 粘液乳杆菌属
   排名: 25
   比例: 0%
   类别: 中性菌
   --- 
26. 名称: 页 人 体 肠 道 菌 群 检 测 报 告 微生物名 拉丁名 检测结果（%） 参考范围(%) 结果评价 格氏乳杆菌 Lactobacillusgasseri ND 0-0.1158 Lactobacillus 瑞士乳杆菌 ND 0-0.0001 helveticus 约氏乳杆菌 Lactobacillusjohnsonii ND 0-0.0217 Lactobacillus 马乳酒样乳杆菌 ND 0-0.0005 kefiranofaciens 乳酪杆菌属
   排名: 26
   比例: 0%
   类别: 中性菌
   --- 
27. 名称: 乳植杆菌属
   排名: 27
   比例: 0%
   类别: 中性菌
   --- 
28. 名称: 克里斯滕森菌属
   排名: 28
   比例: 0%
   类别: 中性菌
   --- 
29. 名称: 有害菌检测 微生物名 拉丁名 检测结果（%） 参考范围(%) 结果评价 分枝杆菌属
   排名: 29
   比例: 0%
   类别: 中性菌
   --- 
30. 名称: 偶发分枝杆菌 Mycobacteriumfortuitum ND 0 Mycobacterium 结核分枝杆菌 ND 0 tuberculosis 肠杆菌属
   排名: 30
   比例: 0%
   类别: 中性菌
   --- 
31. 名称: 不动杆菌属
   排名: 31
   比例: 0%
   类别: 中性菌
   --- 
32. 名称: 布鲁杆菌属
   排名: 32
   比例: 0%
   类别: 中性菌
   --- 
33. 名称: 气单胞菌属
   排名: 33
   比例: 0%
   类别: 中性菌
   --- 
34. 名称: 假单胞菌属
   排名: 34
   比例: 0%
   类别: 中性菌
   --- 
35. 名称: 耶尔森菌属
   排名: 35
   比例: 0%
   类别: 中性菌
   --- 
36. 名称: 沙门菌属
   排名: 36
   比例: 0%
   类别: 中性菌
   --- 
37. 名称: 克罗诺杆菌属
   排名: 37
   比例: 0%
   类别: 中性菌
   --- 
38. 名称: 页 人 体 肠 道 菌 群 检 测 报 告 微生物名 拉丁名 检测结果（%） 参考范围(%) 结果评价 军团菌属
   排名: 38
   比例: 0%
   类别: 中性菌
   --- 
39. 名称: 弧菌属
   排名: 39
   比例: 0%
   类别: 中性菌
   --- 
40. 名称: 芽孢杆菌属
   排名: 40
   比例: 0%
   类别: 中性菌
   --- 
41. 名称: 颤螺菌属
   排名: 41
   比例: 0%
   类别: 中性菌
   --- 

===== 菌属识别对比 =====
期望识别的15种菌属:
  ✓ 普雷沃菌属
  ✓ 拟杆菌属
  ✓ 粪杆菌属
  ✓ 双歧杆菌属
  ✗ 罗斯氏菌属
  ✗ 瘤胃球菌属
  ✓ 真杆菌属
  ✓ 梭菌属
  ✗ 阿克曼菌属
  ✓ 链球菌属
  ✗ 韦荣球菌属
  ✓ 乳杆菌属
  ✗ 肠球菌属
  ✗ 大肠杆菌属
  ✗ 克雷伯菌属

===== 异常条目检查 =====
